#
# A fatal error has been detected by the Java Runtime Environment:
#
#  EXCEPTION_ACCESS_VIOLATION (0xc0000005) at pc=0x00007ffc9db4c75d, pid=23776, tid=10504
#
# JRE version: OpenJDK Runtime Environment Temurin-17.0.7+7 (17.0.7+7) (build 17.0.7+7)
# Java VM: OpenJDK 64-Bit Server VM Temurin-17.0.7+7 (17.0.7+7, mixed mode, tiered, compressed oops, compressed class ptrs, g1 gc, windows-amd64)
# Problematic frame:
# C  [lwjgl_opengl.dll+0xc75d]
#
# No core dump will be written. Minidumps are not enabled by default on client versions of Windows
#
# If you would like to submit a bug report, please visit:
#   https://github.com/adoptium/adoptium-support/issues
# The crash happened outside the Java Virtual Machine in native code.
# See problematic frame for where to report the bug.
#

---------------  S U M M A R Y ------------

Command Line: -Dfile.encoding=UTF-8 -XX:+ShowCodeDetailsInExceptionMessages com.polaris.main.Launcher

Host: 12th Gen Intel(R) Core(TM) i7-12700K, 20 cores, 31G,  Windows 11 , 64 bit Build 22621 (10.0.22621.2506)
Time: Sat Dec  9 00:36:50 2023 Haiti Standard Time elapsed time: 0.166380 seconds (0d 0h 0m 0s)

---------------  T H R E A D  ---------------

Current thread (0x0000022cf5f1c0a0):  JavaThread "main" [_thread_in_native, id=10504, stack(0x000000fab7200000,0x000000fab7300000)]

Stack: [0x000000fab7200000,0x000000fab7300000],  sp=0x000000fab72fef68,  free space=1019k
Native frames: (J=compiled Java code, j=interpreted, Vv=VM code, C=native code)
C  [lwjgl_opengl.dll+0xc75d]

Java frames: (J=compiled Java code, j=interpreted, Vv=VM code)
j  org.lwjgl.opengl.GL11C.nglGenTextures(IJ)V+0
j  org.lwjgl.opengl.GL11C.glGenTextures()I+20
j  org.lwjgl.opengl.GL11.glGenTextures()I+0
j  com.polaris.main.ObjectLoader.loadTexture(Ljava/lang/String;)I+161
j  com.polaris.main.Assets.load()V+9
j  com.polaris.main.Launcher.main([Ljava/lang/String;)V+55
v  ~StubRoutines::call_stub

siginfo: EXCEPTION_ACCESS_VIOLATION (0xc0000005), reading address 0x00000000000002d8


Register to memory mapping:

RIP=0x00007ffc9db4c75d lwjgl_opengl.dll
RAX=0x0000022c9fab5b00 points into unknown readable memory: 0x0000000000000000 | 00 00 00 00 00 00 00 00
RBX={method} {0x0000022ca08146a0} 'nglGenTextures' '(IJ)V' in 'org/lwjgl/opengl/GL11C'
RCX=0x0000000000000001 is an unknown value
RDX=0x0000022c9f8df61c points into unknown readable memory: 00 00 00 00
RSP=0x000000fab72fef68 is pointing into the stack for thread: 0x0000022cf5f1c0a0
RBP=0x000000fab72feff0 is pointing into the stack for thread: 0x0000022cf5f1c0a0
RSI=0x0000022ca069a2d0 is pointing into metadata
RDI=0x0000022c874594fe is at code_begin+1118 in an Interpreter codelet
return entry points  [0x0000022c874590a0, 0x0000022c87459ba0]  2816 bytes
R8 =0x0000000000000001 is an unknown value
R9 =0x0000022c9f8df61c points into unknown readable memory: 00 00 00 00
R10=0x0 is NULL
R11=0x0000000622fb7df0 is an oop: java.lang.Class 
{0x0000000622fb7df0} - klass: 'java/lang/Class'
 - ---- fields (total size 116 words):
 - private volatile transient 'classRedefinedCount' 'I' @12  0
 - private volatile transient 'cachedConstructor' 'Ljava/lang/reflect/Constructor;' @40  NULL (0)
 - private transient 'name' 'Ljava/lang/String;' @44  "org.lwjgl.opengl.GL11C"{0x0000000622fb81a0} (c45f7034)
 - private transient 'module' 'Ljava/lang/Module;' @48  a 'java/lang/Module'{0x0000000623064400} (c460c880)
 - private final 'classLoader' 'Ljava/lang/ClassLoader;' @52  a 'jdk/internal/loader/ClassLoaders$AppClassLoader'{0x0000000623064240} (c460c848)
 - private transient 'classData' 'Ljava/lang/Object;' @56  NULL (0)
 - private transient 'packageName' 'Ljava/lang/String;' @60  "org.lwjgl.opengl"{0x0000000622ef5320} (c45dea64)
 - private final 'componentType' 'Ljava/lang/Class;' @64  NULL (0)
 - private volatile transient 'reflectionData' 'Ljava/lang/ref/SoftReference;' @68  NULL (0)
 - private volatile transient 'genericInfo' 'Lsun/reflect/generics/repository/ClassRepository;' @72  NULL (0)
 - private volatile transient 'enumConstants' '[Ljava/lang/Object;' @76  NULL (0)
 - private volatile transient 'enumConstantDirectory' 'Ljava/util/Map;' @80  NULL (0)
 - private volatile transient 'annotationData' 'Ljava/lang/Class$AnnotationData;' @84  NULL (0)
 - private volatile transient 'annotationType' 'Lsun/reflect/annotation/AnnotationType;' @88  NULL (0)
 - transient 'classValueMap' 'Ljava/lang/ClassValue$ClassValueMap;' @92  NULL (0)
 - signature: Lorg/lwjgl/opengl/GL11C;
 - fake entry for mirror: 'org/lwjgl/opengl/GL11C'
 - fake entry for array: NULL
 - fake entry for oop_size: 116
 - fake entry for static_oop_field_count: 0
 - public static final 'GL_NEVER' 'I' @112  512 (200)
 - public static final 'GL_LESS' 'I' @116  513 (201)
 - public static final 'GL_EQUAL' 'I' @120  514 (202)
 - public static final 'GL_LEQUAL' 'I' @124  515 (203)
 - public static final 'GL_GREATER' 'I' @128  516 (204)
 - public static final 'GL_NOTEQUAL' 'I' @132  517 (205)
 - public static final 'GL_GEQUAL' 'I' @136  518 (206)
 - public static final 'GL_ALWAYS' 'I' @140  519 (207)
 - public static final 'GL_DEPTH_BUFFER_BIT' 'I' @144  256 (100)
 - public static final 'GL_STENCIL_BUFFER_BIT' 'I' @148  1024 (400)
 - public static final 'GL_COLOR_BUFFER_BIT' 'I' @152  16384 (4000)
 - public static final 'GL_POINTS' 'I' @156  0
 - public static final 'GL_LINES' 'I' @160  1
 - public static final 'GL_LINE_LOOP' 'I' @164  2
 - public static final 'GL_LINE_STRIP' 'I' @168  3
 - public static final 'GL_TRIANGLES' 'I' @172  4
 - public static final 'GL_TRIANGLE_STRIP' 'I' @176  5
 - public static final 'GL_TRIANGLE_FAN' 'I' @180  6
 - public static final 'GL_QUADS' 'I' @184  7
 - public static final 'GL_ZERO' 'I' @188  0
 - public static final 'GL_ONE' 'I' @192  1
 - public static final 'GL_SRC_COLOR' 'I' @196  768 (300)
 - public static final 'GL_ONE_MINUS_SRC_COLOR' 'I' @200  769 (301)
 - public static final 'GL_SRC_ALPHA' 'I' @204  770 (302)
 - public static final 'GL_ONE_MINUS_SRC_ALPHA' 'I' @208  771 (303)
 - public static final 'GL_DST_ALPHA' 'I' @212  772 (304)
 - public static final 'GL_ONE_MINUS_DST_ALPHA' 'I' @216  773 (305)
 - public static final 'GL_DST_COLOR' 'I' @220  774 (306)
 - public static final 'GL_ONE_MINUS_DST_COLOR' 'I' @224  775 (307)
 - public static final 'GL_SRC_ALPHA_SATURATE' 'I' @228  776 (308)
 - public static final 'GL_TRUE' 'I' @232  1
 - public static final 'GL_FALSE' 'I' @236  0
 - public static final 'GL_BYTE' 'I' @240  5120 (1400)
 - public static final 'GL_UNSIGNED_BYTE' 'I' @244  5121 (1401)
 - public static final 'GL_SHORT' 'I' @248  5122 (1402)
 - public static final 'GL_UNSIGNED_SHORT' 'I' @252  5123 (1403)
 - public static final 'GL_INT' 'I' @256  5124 (1404)
 - public static final 'GL_UNSIGNED_INT' 'I' @260  5125 (1405)
 - public static final 'GL_FLOAT' 'I' @264  5126 (1406)
 - public static final 'GL_DOUBLE' 'I' @268  5130 (140a)
 - public static final 'GL_NONE' 'I' @272  0
 - public static final 'GL_FRONT_LEFT' 'I' @276  1024 (400)
 - public static final 'GL_FRONT_RIGHT' 'I' @280  1025 (401)
 - public static final 'GL_BACK_LEFT' 'I' @284  1026 (402)
 - public static final 'GL_BACK_RIGHT' 'I' @288  1027 (403)
 - public static final 'GL_FRONT' 'I' @292  1028 (404)
 - public static final 'GL_BACK' 'I' @296  1029 (405)
 - public static final 'GL_LEFT' 'I' @300  1030 (406)
 - public static final 'GL_RIGHT' 'I' @304  1031 (407)
 - public static final 'GL_FRONT_AND_BACK' 'I' @308  1032 (408)
 - public static final 'GL_NO_ERROR' 'I' @312  0
 - public static final 'GL_INVALID_ENUM' 'I' @316  1280 (500)
 - public static final 'GL_INVALID_VALUE' 'I' @320  1281 (501)
 - public static final 'GL_INVALID_OPERATION' 'I' @324  1282 (502)
 - public static final 'GL_STACK_OVERFLOW' 'I' @328  1283 (503)
 - public static final 'GL_STACK_UNDERFLOW' 'I' @332  1284 (504)
 - public static final 'GL_OUT_OF_MEMORY' 'I' @336  1285 (505)
 - public static final 'GL_CW' 'I' @340  2304 (900)
 - public static final 'GL_CCW' 'I' @344  2305 (901)
 - public static final 'GL_POINT_SIZE' 'I' @348  2833 (b11)
 - public static final 'GL_POINT_SIZE_RANGE' 'I' @352  2834 (b12)
 - public static final 'GL_POINT_SIZE_GRANULARITY' 'I' @356  2835 (b13)
 - public static final 'GL_LINE_SMOOTH' 'I' @360  2848 (b20)
 - public static final 'GL_LINE_WIDTH' 'I' @364  2849 (b21)
 - public static final 'GL_LINE_WIDTH_RANGE' 'I' @368  2850 (b22)
 - public static final 'GL_LINE_WIDTH_GRANULARITY' 'I' @372  2851 (b23)
 - public static final 'GL_POLYGON_MODE' 'I' @376  2880 (b40)
 - public static final 'GL_POLYGON_SMOOTH' 'I' @380  2881 (b41)
 - public static final 'GL_CULL_FACE' 'I' @384  2884 (b44)
 - public static final 'GL_CULL_FACE_MODE' 'I' @388  2885 (b45)
 - public static final 'GL_FRONT_FACE' 'I' @392  2886 (b46)
 - public static final 'GL_DEPTH_RANGE' 'I' @396  2928 (b70)
 - public static final 'GL_DEPTH_TEST' 'I' @400  2929 (b71)
 - public static final 'GL_DEPTH_WRITEMASK' 'I' @404  2930 (b72)
 - public static final 'GL_DEPTH_CLEAR_VALUE' 'I' @408  2931 (b73)
 - public static final 'GL_DEPTH_FUNC' 'I' @412  2932 (b74)
 - public static final 'GL_STENCIL_TEST' 'I' @416  2960 (b90)
 - public static final 'GL_STENCIL_CLEAR_VALUE' 'I' @420  2961 (b91)
 - public static final 'GL_STENCIL_FUNC' 'I' @424  2962 (b92)
 - public static final 'GL_STENCIL_VALUE_MASK' 'I' @428  2963 (b93)
 - public static final 'GL_STENCIL_FAIL' 'I' @432  2964 (b94)
 - public static final 'GL_STENCIL_PASS_DEPTH_FAIL' 'I' @436  2965 (b95)
 - public static final 'GL_STENCIL_PASS_DEPTH_PASS' 'I' @440  2966 (b96)
 - public static final 'GL_STENCIL_REF' 'I' @444  2967 (b97)
 - public static final 'GL_STENCIL_WRITEMASK' 'I' @448  2968 (b98)
 - public static final 'GL_VIEWPORT' 'I' @452  2978 (ba2)
 - public static final 'GL_DITHER' 'I' @456  3024 (bd0)
 - public static final 'GL_BLEND_DST' 'I' @460  3040 (be0)
 - public static final 'GL_BLEND_SRC' 'I' @464  3041 (be1)
 - public static final 'GL_BLEND' 'I' @468  3042 (be2)
 - public static final 'GL_LOGIC_OP_MODE' 'I' @472  3056 (bf0)
 - public static final 'GL_COLOR_LOGIC_OP' 'I' @476  3058 (bf2)
 - public static final 'GL_DRAW_BUFFER' 'I' @480  3073 (c01)
 - public static final 'GL_READ_BUFFER' 'I' @484  3074 (c02)
 - public static final 'GL_SCISSOR_BOX' 'I' @488  3088 (c10)
 - public static final 'GL_SCISSOR_TEST' 'I' @492  3089 (c11)
 - public static final 'GL_COLOR_CLEAR_VALUE' 'I' @496  3106 (c22)
 - public static final 'GL_COLOR_WRITEMASK' 'I' @500  3107 (c23)
 - public static final 'GL_DOUBLEBUFFER' 'I' @504  3122 (c32)
 - public static final 'GL_STEREO' 'I' @508  3123 (c33)
 - public static final 'GL_LINE_SMOOTH_HINT' 'I' @512  3154 (c52)
 - public static final 'GL_POLYGON_SMOOTH_HINT' 'I' @516  3155 (c53)
 - public static final 'GL_UNPACK_SWAP_BYTES' 'I' @520  3312 (cf0)
 - public static final 'GL_UNPACK_LSB_FIRST' 'I' @524  3313 (cf1)
 - public static final 'GL_UNPACK_ROW_LENGTH' 'I' @528  3314 (cf2)
 - public static final 'GL_UNPACK_SKIP_ROWS' 'I' @532  3315 (cf3)
 - public static final 'GL_UNPACK_SKIP_PIXELS' 'I' @536  3316 (cf4)
 - public static final 'GL_UNPACK_ALIGNMENT' 'I' @540  3317 (cf5)
 - public static final 'GL_PACK_SWAP_BYTES' 'I' @544  3328 (d00)
 - public static final 'GL_PACK_LSB_FIRST' 'I' @548  3329 (d01)
 - public static final 'GL_PACK_ROW_LENGTH' 'I' @552  3330 (d02)
 - public static final 'GL_PACK_SKIP_ROWS' 'I' @556  3331 (d03)
 - public static final 'GL_PACK_SKIP_PIXELS' 'I' @560  3332 (d04)
 - public static final 'GL_PACK_ALIGNMENT' 'I' @564  3333 (d05)
 - public static final 'GL_MAX_TEXTURE_SIZE' 'I' @568  3379 (d33)
 - public static final 'GL_MAX_VIEWPORT_DIMS' 'I' @572  3386 (d3a)
 - public static final 'GL_SUBPIXEL_BITS' 'I' @576  3408 (d50)
 - public static final 'GL_TEXTURE_1D' 'I' @580  3552 (de0)
 - public static final 'GL_TEXTURE_2D' 'I' @584  3553 (de1)
 - public static final 'GL_TEXTURE_WIDTH' 'I' @588  4096 (1000)
 - public static final 'GL_TEXTURE_HEIGHT' 'I' @592  4097 (1001)
 - public static final 'GL_TEXTURE_INTERNAL_FORMAT' 'I' @596  4099 (1003)
 - public static final 'GL_TEXTURE_BORDER_COLOR' 'I' @600  4100 (1004)
 - public static final 'GL_DONT_CARE' 'I' @604  4352 (1100)
 - public static final 'GL_FASTEST' 'I' @608  4353 (1101)
 - public static final 'GL_NICEST' 'I' @612  4354 (1102)
 - public static final 'GL_CLEAR' 'I' @616  5376 (1500)
 - public static final 'GL_AND' 'I' @620  5377 (1501)
 - public static final 'GL_AND_REVERSE' 'I' @624  5378 (1502)
 - public static final 'GL_COPY' 'I' @628  5379 (1503)
 - public static final 'GL_AND_INVERTED' 'I' @632  5380 (1504)
 - public static final 'GL_NOOP' 'I' @636  5381 (1505)
 - public static final 'GL_XOR' 'I' @640  5382 (1506)
 - public static final 'GL_OR' 'I' @644  5383 (1507)
 - public static final 'GL_NOR' 'I' @648  5384 (1508)
 - public static final 'GL_EQUIV' 'I' @652  5385 (1509)
 - public static final 'GL_INVERT' 'I' @656  5386 (150a)
 - public static final 'GL_OR_REVERSE' 'I' @660  5387 (150b)
 - public static final 'GL_COPY_INVERTED' 'I' @664  5388 (150c)
 - public static final 'GL_OR_INVERTED' 'I' @668  5389 (150d)
 - public static final 'GL_NAND' 'I' @672  5390 (150e)
 - public static final 'GL_SET' 'I' @676  5391 (150f)
 - public static final 'GL_TEXTURE' 'I' @680  5890 (1702)
 - public static final 'GL_COLOR' 'I' @684  6144 (1800)
 - public static final 'GL_DEPTH' 'I' @688  6145 (1801)
 - public static final 'GL_STENCIL' 'I' @692  6146 (1802)
 - public static final 'GL_STENCIL_INDEX' 'I' @696  6401 (1901)
 - public static final 'GL_DEPTH_COMPONENT' 'I' @700  6402 (1902)
 - public static final 'GL_RED' 'I' @704  6403 (1903)
 - public static final 'GL_GREEN' 'I' @708  6404 (1904)
 - public static final 'GL_BLUE' 'I' @712  6405 (1905)
 - public static final 'GL_ALPHA' 'I' @716  6406 (1906)
 - public static final 'GL_RGB' 'I' @720  6407 (1907)
 - public static final 'GL_RGBA' 'I' @724  6408 (1908)
 - public static final 'GL_POINT' 'I' @728  6912 (1b00)
 - public static final 'GL_LINE' 'I' @732  6913 (1b01)
 - public static final 'GL_FILL' 'I' @736  6914 (1b02)
 - public static final 'GL_KEEP' 'I' @740  7680 (1e00)
 - public static final 'GL_REPLACE' 'I' @744  7681 (1e01)
 - public static final 'GL_INCR' 'I' @748  7682 (1e02)
 - public static final 'GL_DECR' 'I' @752  7683 (1e03)
 - public static final 'GL_VENDOR' 'I' @756  7936 (1f00)
 - public static final 'GL_RENDERER' 'I' @760  7937 (1f01)
 - public static final 'GL_VERSION' 'I' @764  7938 (1f02)
 - public static final 'GL_EXTENSIONS' 'I' @768  7939 (1f03)
 - public static final 'GL_NEAREST' 'I' @772  9728 (2600)
 - public static final 'GL_LINEAR' 'I' @776  9729 (2601)
 - public static final 'GL_NEAREST_MIPMAP_NEAREST' 'I' @780  9984 (2700)
 - public static final 'GL_LINEAR_MIPMAP_NEAREST' 'I' @784  9985 (2701)
 - public static final 'GL_NEAREST_MIPMAP_LINEAR' 'I' @788  9986 (2702)
 - public static final 'GL_LINEAR_MIPMAP_LINEAR' 'I' @792  9987 (2703)
 - public static final 'GL_TEXTURE_MAG_FILTER' 'I' @796  10240 (2800)
 - public static final 'GL_TEXTURE_MIN_FILTER' 'I' @800  10241 (2801)
 - public static final 'GL_TEXTURE_WRAP_S' 'I' @804  10242 (2802)
 - public static final 'GL_TEXTURE_WRAP_T' 'I' @808  10243 (2803)
 - public static final 'GL_REPEAT' 'I' @812  10497 (2901)
 - public static final 'GL_POLYGON_OFFSET_FACTOR' 'I' @816  32824 (8038)
 - public static final 'GL_POLYGON_OFFSET_UNITS' 'I' @820  10752 (2a00)
 - public static final 'GL_POLYGON_OFFSET_POINT' 'I' @824  10753 (2a01)
 - public static final 'GL_POLYGON_OFFSET_LINE' 'I' @828  10754 (2a02)
 - public static final 'GL_POLYGON_OFFSET_FILL' 'I' @832  32823 (8037)
 - public static final 'GL_R3_G3_B2' 'I' @836  10768 (2a10)
 - public static final 'GL_RGB4' 'I' @840  32847 (804f)
 - public static final 'GL_RGB5' 'I' @844  32848 (8050)
 - public static final 'GL_RGB8' 'I' @848  32849 (8051)
 - public static final 'GL_RGB10' 'I' @852  32850 (8052)
 - public static final 'GL_RGB12' 'I' @856  32851 (8053)
 - public static final 'GL_RGB16' 'I' @860  32852 (8054)
 - public static final 'GL_RGBA2' 'I' @864  32853 (8055)
 - public static final 'GL_RGBA4' 'I' @868  32854 (8056)
 - public static final 'GL_RGB5_A1' 'I' @872  32855 (8057)
 - public static final 'GL_RGBA8' 'I' @876  32856 (8058)
 - public static final 'GL_RGB10_A2' 'I' @880  32857 (8059)
 - public static final 'GL_RGBA12' 'I' @884  32858 (805a)
 - public static final 'GL_RGBA16' 'I' @888  32859 (805b)
 - public static final 'GL_TEXTURE_RED_SIZE' 'I' @892  32860 (805c)
 - public static final 'GL_TEXTURE_GREEN_SIZE' 'I' @896  32861 (805d)
 - public static final 'GL_TEXTURE_BLUE_SIZE' 'I' @900  32862 (805e)
 - public static final 'GL_TEXTURE_ALPHA_SIZE' 'I' @904  32863 (805f)
 - public static final 'GL_PROXY_TEXTURE_1D' 'I' @908  32867 (8063)
 - public static final 'GL_PROXY_TEXTURE_2D' 'I' @912  32868 (8064)
 - public static final 'GL_TEXTURE_BINDING_1D' 'I' @916  32872 (8068)
 - public static final 'GL_TEXTURE_BINDING_2D' 'I' @920  32873 (8069)
 - public static final 'GL_VERTEX_ARRAY' 'I' @924  32884 (8074)
R12=0x0 is NULL
R13={method} {0x0000022ca08146a0} 'nglGenTextures' '(IJ)V' in 'org/lwjgl/opengl/GL11C'
R14=0x000000fab72ff020 is pointing into the stack for thread: 0x0000022cf5f1c0a0
R15=0x0000022cf5f1c0a0 is a thread


Registers:
RAX=0x0000022c9fab5b00, RBX=0x0000022ca0814698, RCX=0x0000000000000001, RDX=0x0000022c9f8df61c
RSP=0x000000fab72fef68, RBP=0x000000fab72feff0, RSI=0x0000022ca069a2d0, RDI=0x0000022c874594fe
R8 =0x0000000000000001, R9 =0x0000022c9f8df61c, R10=0x0000000000000000, R11=0x0000000622fb7df0
R12=0x0000000000000000, R13=0x0000022ca0814698, R14=0x000000fab72ff020, R15=0x0000022cf5f1c0a0
RIP=0x00007ffc9db4c75d, EFLAGS=0x0000000000010283

Top of Stack: (sp=0x000000fab72fef68)
0x000000fab72fef68:   0000022c8745d621 0000022c874594fe
0x000000fab72fef78:   0000022c8745d352 0000022ca0814698
0x000000fab72fef88:   0000022ca069a2d0 000000fab72ff008
0x000000fab72fef98:   0000022c874595cd 0000022c8745d2f6
0x000000fab72fefa8:   000000fab72fefa8 0000022ca0814698
0x000000fab72fefb8:   000000fab72ff020 0000022ca081e5c8
0x000000fab72fefc8:   0000000000000000 0000000622fb7df0
0x000000fab72fefd8:   0000022ca0814698 0000000000000000
0x000000fab72fefe8:   000000fab72ff010 000000fab72ff070
0x000000fab72feff8:   0000022c874594fe 0000000622fb7df0
0x000000fab72ff008:   0000022c8745af78 0000022c9f8df61c
0x000000fab72ff018:   0000000000000000 0000000000000001
0x000000fab72ff028:   000000fab72ff028 0000022ca081480c
0x000000fab72ff038:   000000fab72ff0a0 0000022ca081e5c8
0x000000fab72ff048:   0000000000000000 0000000622fb7df0
0x000000fab72ff058:   0000022ca0814878 000000fab72ff010 

Instructions: (pc=0x00007ffc9db4c75d)
0x00007ffc9db4c65d:   cc cc cc 48 8b 01 41 0f b6 c8 48 8b 50 18 48 ff
0x00007ffc9db4c66d:   a2 d0 01 00 00 cc cc cc cc cc cc cc cc cc cc cc
0x00007ffc9db4c67d:   cc cc cc 48 8b 01 0f 28 cb 0f 28 c2 48 8b 48 18
0x00007ffc9db4c68d:   48 ff a1 d8 01 00 00 cc cc cc cc cc cc cc cc cc
0x00007ffc9db4c69d:   cc cc cc 48 8b 01 45 8b d8 44 8b 44 24 28 41 8b
0x00007ffc9db4c6ad:   d1 41 8b cb 4c 8b 50 18 49 ff a2 e8 01 00 00 cc
0x00007ffc9db4c6bd:   cc cc cc 48 8b 01 41 8b c8 48 8b 50 18 48 ff a2
0x00007ffc9db4c6cd:   f0 01 00 00 cc cc cc cc cc cc cc cc cc cc cc cc
0x00007ffc9db4c6dd:   cc cc cc 40 53 48 8b 01 41 8b d8 44 8b 44 24 30
0x00007ffc9db4c6ed:   41 8b d1 4c 8b 4c 24 38 8b cb 4c 8b 50 18 5b 49
0x00007ffc9db4c6fd:   ff a2 f8 01 00 00 cc cc cc cc cc cc cc cc cc cc
0x00007ffc9db4c70d:   cc cc cc 48 8b 01 48 8b 48 18 48 ff a1 98 02 00
0x00007ffc9db4c71d:   00 cc cc 48 8b 01 48 8b 48 18 48 ff a1 a0 02 00
0x00007ffc9db4c72d:   00 cc cc 48 8b 01 41 8b c8 48 8b 50 18 48 ff a2
0x00007ffc9db4c73d:   c8 02 00 00 cc cc cc cc cc cc cc cc cc cc cc cc
0x00007ffc9db4c74d:   cc cc cc 48 8b 01 49 8b d1 41 8b c8 4c 8b 50 18
0x00007ffc9db4c75d:   49 ff a2 d8 02 00 00 cc cc cc cc cc cc cc cc cc
0x00007ffc9db4c76d:   cc cc cc 48 8b 01 49 8b d1 41 8b c8 4c 8b 50 18
0x00007ffc9db4c77d:   49 ff a2 e0 02 00 00 cc cc cc cc cc cc cc cc cc
0x00007ffc9db4c78d:   cc cc cc 48 8b 01 49 8b d1 41 8b c8 4c 8b 50 18
0x00007ffc9db4c79d:   49 ff a2 f0 02 00 00 cc cc cc cc cc cc cc cc cc
0x00007ffc9db4c7ad:   cc cc cc 48 8b 01 49 8b d1 41 8b c8 4c 8b 50 18
0x00007ffc9db4c7bd:   49 ff a2 f8 02 00 00 cc cc cc cc cc cc cc cc cc
0x00007ffc9db4c7cd:   cc cc cc 48 8b 01 49 8b d1 41 8b c8 4c 8b 50 18
0x00007ffc9db4c7dd:   49 ff a2 00 03 00 00 cc cc cc cc cc cc cc cc cc
0x00007ffc9db4c7ed:   cc cc cc 48 8b 01 49 8b d1 41 8b c8 4c 8b 50 18
0x00007ffc9db4c7fd:   49 ff a2 08 03 00 00 cc cc cc cc cc cc cc cc cc
0x00007ffc9db4c80d:   cc cc cc 48 8b 01 48 8b 48 18 48 8b 81 10 03 00
0x00007ffc9db4c81d:   00 48 ff e0 cc cc cc cc cc cc cc cc cc cc cc cc
0x00007ffc9db4c82d:   cc cc cc 48 8b 01 49 8b d1 41 8b c8 4c 8b 50 18
0x00007ffc9db4c83d:   49 ff a2 68 03 00 00 cc cc cc cc cc cc cc cc cc
0x00007ffc9db4c84d:   cc cc cc 48 8b 01 48 8b 48 18 48 8b 81 78 03 00 


Stack slot to memory mapping:
stack at sp + 0 slots: 0x0000022c8745d621 is at code_begin+993 in an Interpreter codelet
method entry point (kind = native)  [0x0000022c8745d240, 0x0000022c8745dbc0]  2432 bytes
stack at sp + 1 slots: 0x0000022c874594fe is at code_begin+1118 in an Interpreter codelet
return entry points  [0x0000022c874590a0, 0x0000022c87459ba0]  2816 bytes
stack at sp + 2 slots: 0x0000022c8745d352 is at code_begin+274 in an Interpreter codelet
method entry point (kind = native)  [0x0000022c8745d240, 0x0000022c8745dbc0]  2432 bytes
stack at sp + 3 slots: {method} {0x0000022ca08146a0} 'nglGenTextures' '(IJ)V' in 'org/lwjgl/opengl/GL11C'
stack at sp + 4 slots: 0x0000022ca069a2d0 is pointing into metadata
stack at sp + 5 slots: 0x000000fab72ff008 is pointing into the stack for thread: 0x0000022cf5f1c0a0
stack at sp + 6 slots: 0x0000022c874595cd is at code_begin+1325 in an Interpreter codelet
return entry points  [0x0000022c874590a0, 0x0000022c87459ba0]  2816 bytes
stack at sp + 7 slots: 0x0000022c8745d2f6 is at code_begin+182 in an Interpreter codelet
method entry point (kind = native)  [0x0000022c8745d240, 0x0000022c8745dbc0]  2432 bytes


---------------  P R O C E S S  ---------------

Threads class SMR info:
_java_thread_list=0x0000022c9fb67260, length=15, elements={
0x0000022cf5f1c0a0, 0x0000022c9f36a030, 0x0000022c9f36aea0, 0x0000022c9f3932a0,
0x0000022c9f393d60, 0x0000022c9f396820, 0x0000022c9f39f1e0, 0x0000022c9f3a3470,
0x0000022c9f3a6740, 0x0000022c9f3b9900, 0x0000022c9f504460, 0x0000022c9f508980,
0x0000022c9f52cf40, 0x0000022c9f543810, 0x0000022c9fa023b0
}

Java Threads: ( => current thread )
=>0x0000022cf5f1c0a0 JavaThread "main" [_thread_in_native, id=10504, stack(0x000000fab7200000,0x000000fab7300000)]
  0x0000022c9f36a030 JavaThread "Reference Handler" daemon [_thread_blocked, id=19920, stack(0x000000fab7900000,0x000000fab7a00000)]
  0x0000022c9f36aea0 JavaThread "Finalizer" daemon [_thread_blocked, id=17968, stack(0x000000fab7a00000,0x000000fab7b00000)]
  0x0000022c9f3932a0 JavaThread "Signal Dispatcher" daemon [_thread_blocked, id=8832, stack(0x000000fab7b00000,0x000000fab7c00000)]
  0x0000022c9f393d60 JavaThread "Attach Listener" daemon [_thread_blocked, id=1788, stack(0x000000fab7c00000,0x000000fab7d00000)]
  0x0000022c9f396820 JavaThread "Service Thread" daemon [_thread_blocked, id=5380, stack(0x000000fab7d00000,0x000000fab7e00000)]
  0x0000022c9f39f1e0 JavaThread "Monitor Deflation Thread" daemon [_thread_blocked, id=13536, stack(0x000000fab7e00000,0x000000fab7f00000)]
  0x0000022c9f3a3470 JavaThread "C2 CompilerThread0" daemon [_thread_blocked, id=23020, stack(0x000000fab7f00000,0x000000fab8000000)]
  0x0000022c9f3a6740 JavaThread "C1 CompilerThread0" daemon [_thread_blocked, id=10076, stack(0x000000fab8000000,0x000000fab8100000)]
  0x0000022c9f3b9900 JavaThread "Sweeper thread" daemon [_thread_blocked, id=2248, stack(0x000000fab8100000,0x000000fab8200000)]
  0x0000022c9f504460 JavaThread "C1 CompilerThread1" daemon [_thread_blocked, id=19944, stack(0x000000fab8200000,0x000000fab8300000)]
  0x0000022c9f508980 JavaThread "C1 CompilerThread2" daemon [_thread_blocked, id=11808, stack(0x000000fab8300000,0x000000fab8400000)]
  0x0000022c9f52cf40 JavaThread "Notification Thread" daemon [_thread_blocked, id=23916, stack(0x000000fab8400000,0x000000fab8500000)]
  0x0000022c9f543810 JavaThread "Common-Cleaner" daemon [_thread_blocked, id=14080, stack(0x000000fab8600000,0x000000fab8700000)]
  0x0000022c9fa023b0 JavaThread "C2 CompilerThread1" daemon [_thread_blocked, id=7904, stack(0x000000fab8700000,0x000000fab8800000)]

Other Threads:
  0x0000022c9f345020 VMThread "VM Thread" [stack: 0x000000fab7800000,0x000000fab7900000] [id=16160]
  0x0000022c9f531c50 WatcherThread [stack: 0x000000fab8500000,0x000000fab8600000] [id=14748]
  0x0000022cf5fce5e0 GCTaskThread "GC Thread#0" [stack: 0x000000fab7300000,0x000000fab7400000] [id=25912]
  0x0000022cfd1547c0 ConcurrentGCThread "G1 Main Marker" [stack: 0x000000fab7400000,0x000000fab7500000] [id=22240]
  0x0000022cf5fdc640 ConcurrentGCThread "G1 Conc#0" [stack: 0x000000fab7500000,0x000000fab7600000] [id=11980]
  0x0000022cfd246d60 ConcurrentGCThread "G1 Refine#0" [stack: 0x000000fab7600000,0x000000fab7700000] [id=23488]
  0x0000022cfd247780 ConcurrentGCThread "G1 Service" [stack: 0x000000fab7700000,0x000000fab7800000] [id=26304]

Threads with active compile tasks:

VM state: not at safepoint (normal execution)

VM Mutex/Monitor currently owned by a thread: None

Heap address: 0x0000000603400000, size: 8140 MB, Compressed Oops mode: Zero based, Oop shift amount: 3

CDS archive(s) not mapped
Compressed class space mapped at: 0x0000000800000000-0x0000000840000000, reserved size: 1073741824
Narrow klass base: 0x0000000800000000, Narrow klass shift: 0, Narrow klass range: 0x40000000

GC Precious Log:
 CPUs: 20 total, 20 available
 Memory: 32559M
 Large Page Support: Disabled
 NUMA Support: Disabled
 Compressed Oops: Enabled (Zero based)
 Heap Region Size: 4M
 Heap Min Capacity: 8M
 Heap Initial Capacity: 512M
 Heap Max Capacity: 8140M
 Pre-touch: Disabled
 Parallel Workers: 15
 Concurrent Workers: 4
 Concurrent Refinement Workers: 15
 Periodic GC: Disabled

Heap:
 garbage-first heap   total 524288K, used 4096K [0x0000000603400000, 0x0000000800000000)
  region size 4096K, 2 young (8192K), 0 survivors (0K)
 Metaspace       used 8573K, committed 8704K, reserved 1114112K
  class space    used 664K, committed 704K, reserved 1048576K

Heap Regions: E=young(eden), S=young(survivor), O=old, HS=humongous(starts), HC=humongous(continues), CS=collection set, F=free, OA=open archive, CA=closed archive, TAMS=top-at-mark-start (previous, next)
|   0|0x0000000603400000, 0x0000000603400000, 0x0000000603800000|  0%| F|  |TAMS 0x0000000603400000, 0x0000000603400000| Untracked 
|   1|0x0000000603800000, 0x0000000603800000, 0x0000000603c00000|  0%| F|  |TAMS 0x0000000603800000, 0x0000000603800000| Untracked 
|   2|0x0000000603c00000, 0x0000000603c00000, 0x0000000604000000|  0%| F|  |TAMS 0x0000000603c00000, 0x0000000603c00000| Untracked 
|   3|0x0000000604000000, 0x0000000604000000, 0x0000000604400000|  0%| F|  |TAMS 0x0000000604000000, 0x0000000604000000| Untracked 
|   4|0x0000000604400000, 0x0000000604400000, 0x0000000604800000|  0%| F|  |TAMS 0x0000000604400000, 0x0000000604400000| Untracked 
|   5|0x0000000604800000, 0x0000000604800000, 0x0000000604c00000|  0%| F|  |TAMS 0x0000000604800000, 0x0000000604800000| Untracked 
|   6|0x0000000604c00000, 0x0000000604c00000, 0x0000000605000000|  0%| F|  |TAMS 0x0000000604c00000, 0x0000000604c00000| Untracked 
|   7|0x0000000605000000, 0x0000000605000000, 0x0000000605400000|  0%| F|  |TAMS 0x0000000605000000, 0x0000000605000000| Untracked 
|   8|0x0000000605400000, 0x0000000605400000, 0x0000000605800000|  0%| F|  |TAMS 0x0000000605400000, 0x0000000605400000| Untracked 
|   9|0x0000000605800000, 0x0000000605800000, 0x0000000605c00000|  0%| F|  |TAMS 0x0000000605800000, 0x0000000605800000| Untracked 
|  10|0x0000000605c00000, 0x0000000605c00000, 0x0000000606000000|  0%| F|  |TAMS 0x0000000605c00000, 0x0000000605c00000| Untracked 
|  11|0x0000000606000000, 0x0000000606000000, 0x0000000606400000|  0%| F|  |TAMS 0x0000000606000000, 0x0000000606000000| Untracked 
|  12|0x0000000606400000, 0x0000000606400000, 0x0000000606800000|  0%| F|  |TAMS 0x0000000606400000, 0x0000000606400000| Untracked 
|  13|0x0000000606800000, 0x0000000606800000, 0x0000000606c00000|  0%| F|  |TAMS 0x0000000606800000, 0x0000000606800000| Untracked 
|  14|0x0000000606c00000, 0x0000000606c00000, 0x0000000607000000|  0%| F|  |TAMS 0x0000000606c00000, 0x0000000606c00000| Untracked 
|  15|0x0000000607000000, 0x0000000607000000, 0x0000000607400000|  0%| F|  |TAMS 0x0000000607000000, 0x0000000607000000| Untracked 
|  16|0x0000000607400000, 0x0000000607400000, 0x0000000607800000|  0%| F|  |TAMS 0x0000000607400000, 0x0000000607400000| Untracked 
|  17|0x0000000607800000, 0x0000000607800000, 0x0000000607c00000|  0%| F|  |TAMS 0x0000000607800000, 0x0000000607800000| Untracked 
|  18|0x0000000607c00000, 0x0000000607c00000, 0x0000000608000000|  0%| F|  |TAMS 0x0000000607c00000, 0x0000000607c00000| Untracked 
|  19|0x0000000608000000, 0x0000000608000000, 0x0000000608400000|  0%| F|  |TAMS 0x0000000608000000, 0x0000000608000000| Untracked 
|  20|0x0000000608400000, 0x0000000608400000, 0x0000000608800000|  0%| F|  |TAMS 0x0000000608400000, 0x0000000608400000| Untracked 
|  21|0x0000000608800000, 0x0000000608800000, 0x0000000608c00000|  0%| F|  |TAMS 0x0000000608800000, 0x0000000608800000| Untracked 
|  22|0x0000000608c00000, 0x0000000608c00000, 0x0000000609000000|  0%| F|  |TAMS 0x0000000608c00000, 0x0000000608c00000| Untracked 
|  23|0x0000000609000000, 0x0000000609000000, 0x0000000609400000|  0%| F|  |TAMS 0x0000000609000000, 0x0000000609000000| Untracked 
|  24|0x0000000609400000, 0x0000000609400000, 0x0000000609800000|  0%| F|  |TAMS 0x0000000609400000, 0x0000000609400000| Untracked 
|  25|0x0000000609800000, 0x0000000609800000, 0x0000000609c00000|  0%| F|  |TAMS 0x0000000609800000, 0x0000000609800000| Untracked 
|  26|0x0000000609c00000, 0x0000000609c00000, 0x000000060a000000|  0%| F|  |TAMS 0x0000000609c00000, 0x0000000609c00000| Untracked 
|  27|0x000000060a000000, 0x000000060a000000, 0x000000060a400000|  0%| F|  |TAMS 0x000000060a000000, 0x000000060a000000| Untracked 
|  28|0x000000060a400000, 0x000000060a400000, 0x000000060a800000|  0%| F|  |TAMS 0x000000060a400000, 0x000000060a400000| Untracked 
|  29|0x000000060a800000, 0x000000060a800000, 0x000000060ac00000|  0%| F|  |TAMS 0x000000060a800000, 0x000000060a800000| Untracked 
|  30|0x000000060ac00000, 0x000000060ac00000, 0x000000060b000000|  0%| F|  |TAMS 0x000000060ac00000, 0x000000060ac00000| Untracked 
|  31|0x000000060b000000, 0x000000060b000000, 0x000000060b400000|  0%| F|  |TAMS 0x000000060b000000, 0x000000060b000000| Untracked 
|  32|0x000000060b400000, 0x000000060b400000, 0x000000060b800000|  0%| F|  |TAMS 0x000000060b400000, 0x000000060b400000| Untracked 
|  33|0x000000060b800000, 0x000000060b800000, 0x000000060bc00000|  0%| F|  |TAMS 0x000000060b800000, 0x000000060b800000| Untracked 
|  34|0x000000060bc00000, 0x000000060bc00000, 0x000000060c000000|  0%| F|  |TAMS 0x000000060bc00000, 0x000000060bc00000| Untracked 
|  35|0x000000060c000000, 0x000000060c000000, 0x000000060c400000|  0%| F|  |TAMS 0x000000060c000000, 0x000000060c000000| Untracked 
|  36|0x000000060c400000, 0x000000060c400000, 0x000000060c800000|  0%| F|  |TAMS 0x000000060c400000, 0x000000060c400000| Untracked 
|  37|0x000000060c800000, 0x000000060c800000, 0x000000060cc00000|  0%| F|  |TAMS 0x000000060c800000, 0x000000060c800000| Untracked 
|  38|0x000000060cc00000, 0x000000060cc00000, 0x000000060d000000|  0%| F|  |TAMS 0x000000060cc00000, 0x000000060cc00000| Untracked 
|  39|0x000000060d000000, 0x000000060d000000, 0x000000060d400000|  0%| F|  |TAMS 0x000000060d000000, 0x000000060d000000| Untracked 
|  40|0x000000060d400000, 0x000000060d400000, 0x000000060d800000|  0%| F|  |TAMS 0x000000060d400000, 0x000000060d400000| Untracked 
|  41|0x000000060d800000, 0x000000060d800000, 0x000000060dc00000|  0%| F|  |TAMS 0x000000060d800000, 0x000000060d800000| Untracked 
|  42|0x000000060dc00000, 0x000000060dc00000, 0x000000060e000000|  0%| F|  |TAMS 0x000000060dc00000, 0x000000060dc00000| Untracked 
|  43|0x000000060e000000, 0x000000060e000000, 0x000000060e400000|  0%| F|  |TAMS 0x000000060e000000, 0x000000060e000000| Untracked 
|  44|0x000000060e400000, 0x000000060e400000, 0x000000060e800000|  0%| F|  |TAMS 0x000000060e400000, 0x000000060e400000| Untracked 
|  45|0x000000060e800000, 0x000000060e800000, 0x000000060ec00000|  0%| F|  |TAMS 0x000000060e800000, 0x000000060e800000| Untracked 
|  46|0x000000060ec00000, 0x000000060ec00000, 0x000000060f000000|  0%| F|  |TAMS 0x000000060ec00000, 0x000000060ec00000| Untracked 
|  47|0x000000060f000000, 0x000000060f000000, 0x000000060f400000|  0%| F|  |TAMS 0x000000060f000000, 0x000000060f000000| Untracked 
|  48|0x000000060f400000, 0x000000060f400000, 0x000000060f800000|  0%| F|  |TAMS 0x000000060f400000, 0x000000060f400000| Untracked 
|  49|0x000000060f800000, 0x000000060f800000, 0x000000060fc00000|  0%| F|  |TAMS 0x000000060f800000, 0x000000060f800000| Untracked 
|  50|0x000000060fc00000, 0x000000060fc00000, 0x0000000610000000|  0%| F|  |TAMS 0x000000060fc00000, 0x000000060fc00000| Untracked 
|  51|0x0000000610000000, 0x0000000610000000, 0x0000000610400000|  0%| F|  |TAMS 0x0000000610000000, 0x0000000610000000| Untracked 
|  52|0x0000000610400000, 0x0000000610400000, 0x0000000610800000|  0%| F|  |TAMS 0x0000000610400000, 0x0000000610400000| Untracked 
|  53|0x0000000610800000, 0x0000000610800000, 0x0000000610c00000|  0%| F|  |TAMS 0x0000000610800000, 0x0000000610800000| Untracked 
|  54|0x0000000610c00000, 0x0000000610c00000, 0x0000000611000000|  0%| F|  |TAMS 0x0000000610c00000, 0x0000000610c00000| Untracked 
|  55|0x0000000611000000, 0x0000000611000000, 0x0000000611400000|  0%| F|  |TAMS 0x0000000611000000, 0x0000000611000000| Untracked 
|  56|0x0000000611400000, 0x0000000611400000, 0x0000000611800000|  0%| F|  |TAMS 0x0000000611400000, 0x0000000611400000| Untracked 
|  57|0x0000000611800000, 0x0000000611800000, 0x0000000611c00000|  0%| F|  |TAMS 0x0000000611800000, 0x0000000611800000| Untracked 
|  58|0x0000000611c00000, 0x0000000611c00000, 0x0000000612000000|  0%| F|  |TAMS 0x0000000611c00000, 0x0000000611c00000| Untracked 
|  59|0x0000000612000000, 0x0000000612000000, 0x0000000612400000|  0%| F|  |TAMS 0x0000000612000000, 0x0000000612000000| Untracked 
|  60|0x0000000612400000, 0x0000000612400000, 0x0000000612800000|  0%| F|  |TAMS 0x0000000612400000, 0x0000000612400000| Untracked 
|  61|0x0000000612800000, 0x0000000612800000, 0x0000000612c00000|  0%| F|  |TAMS 0x0000000612800000, 0x0000000612800000| Untracked 
|  62|0x0000000612c00000, 0x0000000612c00000, 0x0000000613000000|  0%| F|  |TAMS 0x0000000612c00000, 0x0000000612c00000| Untracked 
|  63|0x0000000613000000, 0x0000000613000000, 0x0000000613400000|  0%| F|  |TAMS 0x0000000613000000, 0x0000000613000000| Untracked 
|  64|0x0000000613400000, 0x0000000613400000, 0x0000000613800000|  0%| F|  |TAMS 0x0000000613400000, 0x0000000613400000| Untracked 
|  65|0x0000000613800000, 0x0000000613800000, 0x0000000613c00000|  0%| F|  |TAMS 0x0000000613800000, 0x0000000613800000| Untracked 
|  66|0x0000000613c00000, 0x0000000613c00000, 0x0000000614000000|  0%| F|  |TAMS 0x0000000613c00000, 0x0000000613c00000| Untracked 
|  67|0x0000000614000000, 0x0000000614000000, 0x0000000614400000|  0%| F|  |TAMS 0x0000000614000000, 0x0000000614000000| Untracked 
|  68|0x0000000614400000, 0x0000000614400000, 0x0000000614800000|  0%| F|  |TAMS 0x0000000614400000, 0x0000000614400000| Untracked 
|  69|0x0000000614800000, 0x0000000614800000, 0x0000000614c00000|  0%| F|  |TAMS 0x0000000614800000, 0x0000000614800000| Untracked 
|  70|0x0000000614c00000, 0x0000000614c00000, 0x0000000615000000|  0%| F|  |TAMS 0x0000000614c00000, 0x0000000614c00000| Untracked 
|  71|0x0000000615000000, 0x0000000615000000, 0x0000000615400000|  0%| F|  |TAMS 0x0000000615000000, 0x0000000615000000| Untracked 
|  72|0x0000000615400000, 0x0000000615400000, 0x0000000615800000|  0%| F|  |TAMS 0x0000000615400000, 0x0000000615400000| Untracked 
|  73|0x0000000615800000, 0x0000000615800000, 0x0000000615c00000|  0%| F|  |TAMS 0x0000000615800000, 0x0000000615800000| Untracked 
|  74|0x0000000615c00000, 0x0000000615c00000, 0x0000000616000000|  0%| F|  |TAMS 0x0000000615c00000, 0x0000000615c00000| Untracked 
|  75|0x0000000616000000, 0x0000000616000000, 0x0000000616400000|  0%| F|  |TAMS 0x0000000616000000, 0x0000000616000000| Untracked 
|  76|0x0000000616400000, 0x0000000616400000, 0x0000000616800000|  0%| F|  |TAMS 0x0000000616400000, 0x0000000616400000| Untracked 
|  77|0x0000000616800000, 0x0000000616800000, 0x0000000616c00000|  0%| F|  |TAMS 0x0000000616800000, 0x0000000616800000| Untracked 
|  78|0x0000000616c00000, 0x0000000616c00000, 0x0000000617000000|  0%| F|  |TAMS 0x0000000616c00000, 0x0000000616c00000| Untracked 
|  79|0x0000000617000000, 0x0000000617000000, 0x0000000617400000|  0%| F|  |TAMS 0x0000000617000000, 0x0000000617000000| Untracked 
|  80|0x0000000617400000, 0x0000000617400000, 0x0000000617800000|  0%| F|  |TAMS 0x0000000617400000, 0x0000000617400000| Untracked 
|  81|0x0000000617800000, 0x0000000617800000, 0x0000000617c00000|  0%| F|  |TAMS 0x0000000617800000, 0x0000000617800000| Untracked 
|  82|0x0000000617c00000, 0x0000000617c00000, 0x0000000618000000|  0%| F|  |TAMS 0x0000000617c00000, 0x0000000617c00000| Untracked 
|  83|0x0000000618000000, 0x0000000618000000, 0x0000000618400000|  0%| F|  |TAMS 0x0000000618000000, 0x0000000618000000| Untracked 
|  84|0x0000000618400000, 0x0000000618400000, 0x0000000618800000|  0%| F|  |TAMS 0x0000000618400000, 0x0000000618400000| Untracked 
|  85|0x0000000618800000, 0x0000000618800000, 0x0000000618c00000|  0%| F|  |TAMS 0x0000000618800000, 0x0000000618800000| Untracked 
|  86|0x0000000618c00000, 0x0000000618c00000, 0x0000000619000000|  0%| F|  |TAMS 0x0000000618c00000, 0x0000000618c00000| Untracked 
|  87|0x0000000619000000, 0x0000000619000000, 0x0000000619400000|  0%| F|  |TAMS 0x0000000619000000, 0x0000000619000000| Untracked 
|  88|0x0000000619400000, 0x0000000619400000, 0x0000000619800000|  0%| F|  |TAMS 0x0000000619400000, 0x0000000619400000| Untracked 
|  89|0x0000000619800000, 0x0000000619800000, 0x0000000619c00000|  0%| F|  |TAMS 0x0000000619800000, 0x0000000619800000| Untracked 
|  90|0x0000000619c00000, 0x0000000619c00000, 0x000000061a000000|  0%| F|  |TAMS 0x0000000619c00000, 0x0000000619c00000| Untracked 
|  91|0x000000061a000000, 0x000000061a000000, 0x000000061a400000|  0%| F|  |TAMS 0x000000061a000000, 0x000000061a000000| Untracked 
|  92|0x000000061a400000, 0x000000061a400000, 0x000000061a800000|  0%| F|  |TAMS 0x000000061a400000, 0x000000061a400000| Untracked 
|  93|0x000000061a800000, 0x000000061a800000, 0x000000061ac00000|  0%| F|  |TAMS 0x000000061a800000, 0x000000061a800000| Untracked 
|  94|0x000000061ac00000, 0x000000061ac00000, 0x000000061b000000|  0%| F|  |TAMS 0x000000061ac00000, 0x000000061ac00000| Untracked 
|  95|0x000000061b000000, 0x000000061b000000, 0x000000061b400000|  0%| F|  |TAMS 0x000000061b000000, 0x000000061b000000| Untracked 
|  96|0x000000061b400000, 0x000000061b400000, 0x000000061b800000|  0%| F|  |TAMS 0x000000061b400000, 0x000000061b400000| Untracked 
|  97|0x000000061b800000, 0x000000061b800000, 0x000000061bc00000|  0%| F|  |TAMS 0x000000061b800000, 0x000000061b800000| Untracked 
|  98|0x000000061bc00000, 0x000000061bc00000, 0x000000061c000000|  0%| F|  |TAMS 0x000000061bc00000, 0x000000061bc00000| Untracked 
|  99|0x000000061c000000, 0x000000061c000000, 0x000000061c400000|  0%| F|  |TAMS 0x000000061c000000, 0x000000061c000000| Untracked 
| 100|0x000000061c400000, 0x000000061c400000, 0x000000061c800000|  0%| F|  |TAMS 0x000000061c400000, 0x000000061c400000| Untracked 
| 101|0x000000061c800000, 0x000000061c800000, 0x000000061cc00000|  0%| F|  |TAMS 0x000000061c800000, 0x000000061c800000| Untracked 
| 102|0x000000061cc00000, 0x000000061cc00000, 0x000000061d000000|  0%| F|  |TAMS 0x000000061cc00000, 0x000000061cc00000| Untracked 
| 103|0x000000061d000000, 0x000000061d000000, 0x000000061d400000|  0%| F|  |TAMS 0x000000061d000000, 0x000000061d000000| Untracked 
| 104|0x000000061d400000, 0x000000061d400000, 0x000000061d800000|  0%| F|  |TAMS 0x000000061d400000, 0x000000061d400000| Untracked 
| 105|0x000000061d800000, 0x000000061d800000, 0x000000061dc00000|  0%| F|  |TAMS 0x000000061d800000, 0x000000061d800000| Untracked 
| 106|0x000000061dc00000, 0x000000061dc00000, 0x000000061e000000|  0%| F|  |TAMS 0x000000061dc00000, 0x000000061dc00000| Untracked 
| 107|0x000000061e000000, 0x000000061e000000, 0x000000061e400000|  0%| F|  |TAMS 0x000000061e000000, 0x000000061e000000| Untracked 
| 108|0x000000061e400000, 0x000000061e400000, 0x000000061e800000|  0%| F|  |TAMS 0x000000061e400000, 0x000000061e400000| Untracked 
| 109|0x000000061e800000, 0x000000061e800000, 0x000000061ec00000|  0%| F|  |TAMS 0x000000061e800000, 0x000000061e800000| Untracked 
| 110|0x000000061ec00000, 0x000000061ec00000, 0x000000061f000000|  0%| F|  |TAMS 0x000000061ec00000, 0x000000061ec00000| Untracked 
| 111|0x000000061f000000, 0x000000061f000000, 0x000000061f400000|  0%| F|  |TAMS 0x000000061f000000, 0x000000061f000000| Untracked 
| 112|0x000000061f400000, 0x000000061f400000, 0x000000061f800000|  0%| F|  |TAMS 0x000000061f400000, 0x000000061f400000| Untracked 
| 113|0x000000061f800000, 0x000000061f800000, 0x000000061fc00000|  0%| F|  |TAMS 0x000000061f800000, 0x000000061f800000| Untracked 
| 114|0x000000061fc00000, 0x000000061fc00000, 0x0000000620000000|  0%| F|  |TAMS 0x000000061fc00000, 0x000000061fc00000| Untracked 
| 115|0x0000000620000000, 0x0000000620000000, 0x0000000620400000|  0%| F|  |TAMS 0x0000000620000000, 0x0000000620000000| Untracked 
| 116|0x0000000620400000, 0x0000000620400000, 0x0000000620800000|  0%| F|  |TAMS 0x0000000620400000, 0x0000000620400000| Untracked 
| 117|0x0000000620800000, 0x0000000620800000, 0x0000000620c00000|  0%| F|  |TAMS 0x0000000620800000, 0x0000000620800000| Untracked 
| 118|0x0000000620c00000, 0x0000000620c00000, 0x0000000621000000|  0%| F|  |TAMS 0x0000000620c00000, 0x0000000620c00000| Untracked 
| 119|0x0000000621000000, 0x0000000621000000, 0x0000000621400000|  0%| F|  |TAMS 0x0000000621000000, 0x0000000621000000| Untracked 
| 120|0x0000000621400000, 0x0000000621400000, 0x0000000621800000|  0%| F|  |TAMS 0x0000000621400000, 0x0000000621400000| Untracked 
| 121|0x0000000621800000, 0x0000000621800000, 0x0000000621c00000|  0%| F|  |TAMS 0x0000000621800000, 0x0000000621800000| Untracked 
| 122|0x0000000621c00000, 0x0000000621c00000, 0x0000000622000000|  0%| F|  |TAMS 0x0000000621c00000, 0x0000000621c00000| Untracked 
| 123|0x0000000622000000, 0x0000000622000000, 0x0000000622400000|  0%| F|  |TAMS 0x0000000622000000, 0x0000000622000000| Untracked 
| 124|0x0000000622400000, 0x0000000622400000, 0x0000000622800000|  0%| F|  |TAMS 0x0000000622400000, 0x0000000622400000| Untracked 
| 125|0x0000000622800000, 0x0000000622800000, 0x0000000622c00000|  0%| F|  |TAMS 0x0000000622800000, 0x0000000622800000| Untracked 
| 126|0x0000000622c00000, 0x0000000622fe1fc8, 0x0000000623000000| 97%| E|  |TAMS 0x0000000622c00000, 0x0000000622c00000| Complete 
| 127|0x0000000623000000, 0x0000000623400000, 0x0000000623400000|100%| E|CS|TAMS 0x0000000623000000, 0x0000000623000000| Complete 

Card table byte_map: [0x0000022cfb060000,0x0000022cfc050000] _byte_map_base: 0x0000022cf8046000

Marking Bits (Prev, Next): (CMBitMap*) 0x0000022cf5fcfc00, (CMBitMap*) 0x0000022cf5fcfc40
 Prev Bits: [0x0000022c8f000000, 0x0000022c96f30000)
 Next Bits: [0x0000022c96f30000, 0x0000022c9ee60000)

Polling page: 0x0000022cf3e80000

Metaspace:

Usage:
  Non-class:      7.72 MB used.
      Class:    664.53 KB used.
       Both:      8.37 MB used.

Virtual space:
  Non-class space:       64.00 MB reserved,       7.81 MB ( 12%) committed,  1 nodes.
      Class space:        1.00 GB reserved,     704.00 KB ( <1%) committed,  1 nodes.
             Both:        1.06 GB reserved,       8.50 MB ( <1%) committed. 

Chunk freelists:
   Non-Class:  7.84 MB
       Class:  15.19 MB
        Both:  23.03 MB

MaxMetaspaceSize: unlimited
CompressedClassSpaceSize: 1.00 GB
Initial GC threshold: 21.00 MB
Current GC threshold: 21.00 MB
CDS: off
MetaspaceReclaimPolicy: balanced
 - commit_granule_bytes: 65536.
 - commit_granule_words: 8192.
 - virtual_space_node_default_size: 8388608.
 - enlarge_chunks_in_place: 1.
 - new_chunks_are_fully_committed: 0.
 - uncommit_free_chunks: 1.
 - use_allocation_guard: 0.
 - handle_deallocations: 1.


Internal statistics:

num_allocs_failed_limit: 0.
num_arena_births: 64.
num_arena_deaths: 0.
num_vsnodes_births: 2.
num_vsnodes_deaths: 0.
num_space_committed: 136.
num_space_uncommitted: 0.
num_chunks_returned_to_freelist: 0.
num_chunks_taken_from_freelist: 145.
num_chunk_merges: 0.
num_chunk_splits: 84.
num_chunks_enlarged: 56.
num_inconsistent_stats: 0.

CodeHeap 'non-profiled nmethods': size=119168Kb used=146Kb max_used=146Kb free=119021Kb
 bounds [0x0000022c87ba0000, 0x0000022c87e10000, 0x0000022c8f000000]
CodeHeap 'profiled nmethods': size=119104Kb used=899Kb max_used=899Kb free=118204Kb
 bounds [0x0000022c80000000, 0x0000022c80270000, 0x0000022c87450000]
CodeHeap 'non-nmethods': size=7488Kb used=2312Kb max_used=2326Kb free=5175Kb
 bounds [0x0000022c87450000, 0x0000022c876c0000, 0x0000022c87ba0000]
 total_blobs=1050 nmethods=563 adapters=398
 compilation: enabled
              stopped_count=0, restarted_count=0
 full_count=0

Compilation events (20 events):
Event: 0.161 Thread 0x0000022c9f508980 nmethod 551 0x0000022c800d6790 code [0x0000022c800d69a0, 0x0000022c800d6e88]
Event: 0.161 Thread 0x0000022c9f508980  553       3       java.lang.StringConcatHelper::newArray (40 bytes)
Event: 0.161 Thread 0x0000022c9f504460  554       1       java.nio.HeapByteBuffer::isDirect (2 bytes)
Event: 0.161 Thread 0x0000022c9f504460 nmethod 554 0x0000022c87bc4190 code [0x0000022c87bc4320, 0x0000022c87bc43f8]
Event: 0.161 Thread 0x0000022c9f508980 nmethod 553 0x0000022c800d7010 code [0x0000022c800d71e0, 0x0000022c800d7538]
Event: 0.163 Thread 0x0000022c9f3a6740  555       3       java.net.URL::<init> (8 bytes)
Event: 0.163 Thread 0x0000022c9f508980  556   !   3       java.net.URL::<init> (543 bytes)
Event: 0.163 Thread 0x0000022c9f504460  557       3       java.net.URLStreamHandler::setURL (73 bytes)
Event: 0.163 Thread 0x0000022c9f3a6740 nmethod 555 0x0000022c800d7610 code [0x0000022c800d77c0, 0x0000022c800d7908]
Event: 0.163 Thread 0x0000022c9f3a6740  558   !   3       java.net.URL::set (114 bytes)
Event: 0.163 Thread 0x0000022c9f3a6740 nmethod 558 0x0000022c800d7990 code [0x0000022c800d7be0, 0x0000022c800d86d8]
Event: 0.163 Thread 0x0000022c9f3a6740  561       3       sun.misc.Unsafe::putLong (11 bytes)
Event: 0.163 Thread 0x0000022c9f504460 nmethod 557 0x0000022c800d8a90 code [0x0000022c800d8d60, 0x0000022c800d9b98]
Event: 0.163 Thread 0x0000022c9f3a6740 nmethod 561 0x0000022c800da090 code [0x0000022c800da220, 0x0000022c800da338]
Event: 0.163 Thread 0x0000022c9f504460  560       3       java.lang.Integer::toUnsignedLong (7 bytes)
Event: 0.163 Thread 0x0000022c9f3a6740  562       3       org.lwjgl.system.MemoryUtil::memPutAddress (29 bytes)
Event: 0.163 Thread 0x0000022c9f504460 nmethod 560 0x0000022c800da410 code [0x0000022c800da5a0, 0x0000022c800da698]
Event: 0.163 Thread 0x0000022c9f3a6740 nmethod 562 0x0000022c800da710 code [0x0000022c800da8c0, 0x0000022c800daab8]
Event: 0.164 Thread 0x0000022c9f3a6740  563       1       java.security.CodeSource::getLocation (5 bytes)
Event: 0.164 Thread 0x0000022c9f3a6740 nmethod 563 0x0000022c87bc4890 code [0x0000022c87bc4a20, 0x0000022c87bc4af8]

GC Heap History (0 events):
No events

Dll operation events (9 events):
Event: 0.003 Loaded shared library C:\Users\Chris\.p2\pool\plugins\org.eclipse.justj.openjdk.hotspot.jre.full.win32.x86_64_17.0.7.v20230425-1502\jre\bin\java.dll
Event: 0.061 Loaded shared library C:\Users\Chris\.p2\pool\plugins\org.eclipse.justj.openjdk.hotspot.jre.full.win32.x86_64_17.0.7.v20230425-1502\jre\bin\net.dll
Event: 0.061 Loaded shared library C:\Users\Chris\.p2\pool\plugins\org.eclipse.justj.openjdk.hotspot.jre.full.win32.x86_64_17.0.7.v20230425-1502\jre\bin\nio.dll
Event: 0.065 Loaded shared library C:\Users\Chris\.p2\pool\plugins\org.eclipse.justj.openjdk.hotspot.jre.full.win32.x86_64_17.0.7.v20230425-1502\jre\bin\zip.dll
Event: 0.073 Loaded shared library C:\Users\Chris\.p2\pool\plugins\org.eclipse.justj.openjdk.hotspot.jre.full.win32.x86_64_17.0.7.v20230425-1502\jre\bin\verify.dll
Event: 0.115 Loaded shared library C:\Users\Chris\.p2\pool\plugins\org.eclipse.justj.openjdk.hotspot.jre.full.win32.x86_64_17.0.7.v20230425-1502\jre\bin\jimage.dll
Event: 0.128 Loaded shared library C:\Users\Chris\AppData\Local\Temp\lwjgl_Chris\3.3.3+5\x64\lwjgl.dll
Event: 0.148 Loaded shared library C:\Users\Chris\AppData\Local\Temp\lwjgl_Chris\3.3.3+5\x64\lwjgl_stb.dll
Event: 0.159 Loaded shared library C:\Users\Chris\AppData\Local\Temp\lwjgl_Chris\3.3.3+5\x64\lwjgl_opengl.dll

Deoptimization events (2 events):
Event: 0.120 Thread 0x0000022cf5f1c0a0 DEOPT PACKING pc=0x0000022c800099e7 sp=0x000000fab72fa9a0
Event: 0.120 Thread 0x0000022cf5f1c0a0 DEOPT UNPACKING pc=0x0000022c874a7143 sp=0x000000fab72f9dc0 mode 0

Classes unloaded (0 events):
No events

Classes redefined (0 events):
No events

Internal exceptions (20 events):
Event: 0.102 Thread 0x0000022cf5f1c0a0 Exception <a 'java/lang/NoSuchMethodError'{0x0000000622c00ba0}: 'java.lang.Object java.lang.invoke.DirectMethodHandle$Holder.invokeStaticInit(java.lang.Object)'> (0x0000000622c00ba0) 
thrown [s\src\hotspot\share\interpreter\linkResolver.cpp, line 759]
Event: 0.109 Thread 0x0000022cf5f1c0a0 Exception <a 'java/lang/NoSuchMethodError'{0x0000000622c4cdf8}: 'void java.lang.invoke.DirectMethodHandle$Holder.invokeStatic(java.lang.Object, java.lang.Object)'> (0x0000000622c4cdf8) 
thrown [s\src\hotspot\share\interpreter\linkResolver.cpp, line 759]
Event: 0.109 Thread 0x0000022cf5f1c0a0 Exception <a 'java/lang/NoSuchMethodError'{0x0000000622c52640}: 'void java.lang.invoke.DirectMethodHandle$Holder.invokeSpecial(java.lang.Object, java.lang.Object, java.lang.Object)'> (0x0000000622c52640) 
thrown [s\src\hotspot\share\interpreter\linkResolver.cpp, line 759]
Event: 0.111 Thread 0x0000022cf5f1c0a0 Exception <a 'java/lang/NoSuchMethodError'{0x0000000622c659a0}: 'java.lang.Object java.lang.invoke.DirectMethodHandle$Holder.invokeStatic(java.lang.Object, java.lang.Object, int)'> (0x0000000622c659a0) 
thrown [s\src\hotspot\share\interpreter\linkResolver.cpp, line 759]
Event: 0.111 Thread 0x0000022cf5f1c0a0 Exception <a 'java/lang/NoSuchMethodError'{0x0000000622c71710}: 'void java.lang.invoke.DelegatingMethodHandle$Holder.delegate(java.lang.Object, java.lang.Object, int, java.lang.Object)'> (0x0000000622c71710) 
thrown [s\src\hotspot\share\interpreter\linkResolver.cpp, line 759]
Event: 0.111 Thread 0x0000022cf5f1c0a0 Exception <a 'java/lang/NoSuchMethodError'{0x0000000622c75950}: 'int java.lang.invoke.DirectMethodHandle$Holder.invokeSpecial(java.lang.Object, java.lang.Object, java.lang.Object)'> (0x0000000622c75950) 
thrown [s\src\hotspot\share\interpreter\linkResolver.cpp, line 759]
Event: 0.127 Thread 0x0000022cf5f1c0a0 Exception <a 'sun/nio/fs/WindowsException'{0x0000000622d07760}> (0x0000000622d07760) 
thrown [s\src\hotspot\share\prims\jni.cpp, line 516]
Event: 0.127 Thread 0x0000022cf5f1c0a0 Exception <a 'sun/nio/fs/WindowsException'{0x0000000622d07cb0}> (0x0000000622d07cb0) 
thrown [s\src\hotspot\share\prims\jni.cpp, line 516]
Event: 0.140 Thread 0x0000022cf5f1c0a0 Exception <a 'java/lang/NoSuchMethodError'{0x0000000622e6fe70}: 'int java.lang.invoke.DirectMethodHandle$Holder.invokeStaticInit(java.lang.Object, java.lang.Object, int, long)'> (0x0000000622e6fe70) 
thrown [s\src\hotspot\share\interpreter\linkResolver.cpp, line 759]
Event: 0.141 Thread 0x0000022cf5f1c0a0 Exception <a 'java/lang/NoSuchMethodError'{0x0000000622e75980}: 'java.lang.Object java.lang.invoke.DirectMethodHandle$Holder.newInvokeSpecial(java.lang.Object, java.lang.Object, int)'> (0x0000000622e75980) 
thrown [s\src\hotspot\share\interpreter\linkResolver.cpp, line 759]
Event: 0.141 Thread 0x0000022cf5f1c0a0 Exception <a 'java/lang/NoSuchMethodError'{0x0000000622e846d0}: 'int java.lang.invoke.DirectMethodHandle$Holder.invokeStaticInit(java.lang.Object, java.lang.Object, long, long)'> (0x0000000622e846d0) 
thrown [s\src\hotspot\share\interpreter\linkResolver.cpp, line 759]
Event: 0.142 Thread 0x0000022cf5f1c0a0 Exception <a 'java/lang/NoSuchMethodError'{0x0000000622e8a8d0}: 'java.lang.Object java.lang.invoke.DirectMethodHandle$Holder.newInvokeSpecial(java.lang.Object, java.lang.Object, long)'> (0x0000000622e8a8d0) 
thrown [s\src\hotspot\share\interpreter\linkResolver.cpp, line 759]
Event: 0.142 Thread 0x0000022cf5f1c0a0 Exception <a 'java/lang/NoSuchMethodError'{0x0000000622e8e980}: 'java.lang.Object java.lang.invoke.Invokers$Holder.linkToTargetMethod(java.lang.Object, long, java.lang.Object)'> (0x0000000622e8e980) 
thrown [s\src\hotspot\share\interpreter\linkResolver.cpp, line 759]
Event: 0.142 Thread 0x0000022cf5f1c0a0 Exception <a 'java/lang/NoSuchMethodError'{0x0000000622e96098}: 'int java.lang.invoke.DirectMethodHandle$Holder.invokeStaticInit(java.lang.Object, java.lang.Object, java.lang.Object, long)'> (0x0000000622e96098) 
thrown [s\src\hotspot\share\interpreter\linkResolver.cpp, line 759]
Event: 0.148 Thread 0x0000022cf5f1c0a0 Exception <a 'sun/nio/fs/WindowsException'{0x0000000622ed5d40}> (0x0000000622ed5d40) 
thrown [s\src\hotspot\share\prims\jni.cpp, line 516]
Event: 0.148 Thread 0x0000022cf5f1c0a0 Exception <a 'sun/nio/fs/WindowsException'{0x0000000622ed60c0}> (0x0000000622ed60c0) 
thrown [s\src\hotspot\share\prims\jni.cpp, line 516]
Event: 0.159 Thread 0x0000022cf5f1c0a0 Exception <a 'sun/nio/fs/WindowsException'{0x0000000622f64498}> (0x0000000622f64498) 
thrown [s\src\hotspot\share\prims\jni.cpp, line 516]
Event: 0.159 Thread 0x0000022cf5f1c0a0 Exception <a 'sun/nio/fs/WindowsException'{0x0000000622f64838}> (0x0000000622f64838) 
thrown [s\src\hotspot\share\prims\jni.cpp, line 516]
Event: 0.160 Thread 0x0000022cf5f1c0a0 Exception <a 'sun/nio/fs/WindowsException'{0x0000000622f73e90}> (0x0000000622f73e90) 
thrown [s\src\hotspot\share\prims\jni.cpp, line 516]
Event: 0.160 Thread 0x0000022cf5f1c0a0 Exception <a 'sun/nio/fs/WindowsException'{0x0000000622f74160}> (0x0000000622f74160) 
thrown [s\src\hotspot\share\prims\jni.cpp, line 516]

VM Operations (2 events):
Event: 0.067 Executing VM operation: HandshakeAllThreads
Event: 0.067 Executing VM operation: HandshakeAllThreads done

Events (20 events):
Event: 0.143 loading class java/nio/BufferUnderflowException
Event: 0.143 loading class java/nio/BufferUnderflowException done
Event: 0.151 loading class java/util/Formatter
Event: 0.151 loading class java/util/Formatter done
Event: 0.151 loading class java/util/Locale$Category
Event: 0.151 loading class java/util/Locale$Category done
Event: 0.151 loading class java/util/Formatter$FixedString
Event: 0.151 loading class java/util/Formatter$FormatString
Event: 0.151 loading class java/util/Formatter$FormatString done
Event: 0.151 loading class java/util/Formatter$FixedString done
Event: 0.151 loading class java/util/Formatter$Conversion
Event: 0.151 loading class java/util/Formatter$Conversion done
Event: 0.151 loading class java/util/Formatter$FormatSpecifier
Event: 0.152 loading class java/util/Formatter$FormatSpecifier done
Event: 0.152 loading class java/util/Formatter$Flags
Event: 0.152 loading class java/util/Formatter$Flags done
Event: 0.152 loading class java/util/Formattable
Event: 0.152 loading class java/util/Formattable done
Event: 0.160 loading class java/lang/NoSuchFieldError
Event: 0.160 loading class java/lang/NoSuchFieldError done


Dynamic libraries:
0x00007ff76f560000 - 0x00007ff76f56e000 	C:\Users\Chris\.p2\pool\plugins\org.eclipse.justj.openjdk.hotspot.jre.full.win32.x86_64_17.0.7.v20230425-1502\jre\bin\javaw.exe
0x00007ffd4d8f0000 - 0x00007ffd4db07000 	C:\WINDOWS\SYSTEM32\ntdll.dll
0x00007ffd4c7e0000 - 0x00007ffd4c8a4000 	C:\WINDOWS\System32\KERNEL32.DLL
0x00007ffd4ae70000 - 0x00007ffd4b215000 	C:\WINDOWS\System32\KERNELBASE.dll
0x00007ffd4b430000 - 0x00007ffd4b541000 	C:\WINDOWS\System32\ucrtbase.dll
0x00007ffd11ed0000 - 0x00007ffd11ee9000 	C:\Users\Chris\.p2\pool\plugins\org.eclipse.justj.openjdk.hotspot.jre.full.win32.x86_64_17.0.7.v20230425-1502\jre\bin\VCRUNTIME140.dll
0x00007ffd13570000 - 0x00007ffd13587000 	C:\Users\Chris\.p2\pool\plugins\org.eclipse.justj.openjdk.hotspot.jre.full.win32.x86_64_17.0.7.v20230425-1502\jre\bin\jli.dll
0x00007ffd4c620000 - 0x00007ffd4c7ce000 	C:\WINDOWS\System32\USER32.dll
0x00007ffd4b2e0000 - 0x00007ffd4b306000 	C:\WINDOWS\System32\win32u.dll
0x00007ffd2f690000 - 0x00007ffd2f923000 	C:\WINDOWS\WinSxS\amd64_microsoft.windows.common-controls_6595b64144ccf1df_6.0.22621.2506_none_270c5ae97388e100\COMCTL32.dll
0x00007ffd4bea0000 - 0x00007ffd4bec9000 	C:\WINDOWS\System32\GDI32.dll
0x00007ffd4c560000 - 0x00007ffd4c607000 	C:\WINDOWS\System32\msvcrt.dll
0x00007ffd4b310000 - 0x00007ffd4b429000 	C:\WINDOWS\System32\gdi32full.dll
0x00007ffd4ac60000 - 0x00007ffd4acfa000 	C:\WINDOWS\System32\msvcp_win.dll
0x00007ffd4bba0000 - 0x00007ffd4bbd1000 	C:\WINDOWS\System32\IMM32.DLL
0x00007ffd3f710000 - 0x00007ffd3f71c000 	C:\Users\Chris\.p2\pool\plugins\org.eclipse.justj.openjdk.hotspot.jre.full.win32.x86_64_17.0.7.v20230425-1502\jre\bin\vcruntime140_1.dll
0x00007ffca3f80000 - 0x00007ffca4011000 	C:\Users\Chris\.p2\pool\plugins\org.eclipse.justj.openjdk.hotspot.jre.full.win32.x86_64_17.0.7.v20230425-1502\jre\bin\msvcp140.dll
0x00007ffcb0740000 - 0x00007ffcb1388000 	C:\Users\Chris\.p2\pool\plugins\org.eclipse.justj.openjdk.hotspot.jre.full.win32.x86_64_17.0.7.v20230425-1502\jre\bin\server\jvm.dll
0x00007ffd4c990000 - 0x00007ffd4ca41000 	C:\WINDOWS\System32\ADVAPI32.dll
0x00007ffd4d800000 - 0x00007ffd4d8a6000 	C:\WINDOWS\System32\sechost.dll
0x00007ffd4d670000 - 0x00007ffd4d787000 	C:\WINDOWS\System32\RPCRT4.dll
0x00007ffd3c600000 - 0x00007ffd3c634000 	C:\WINDOWS\SYSTEM32\WINMM.dll
0x00007ffd35380000 - 0x00007ffd35389000 	C:\WINDOWS\SYSTEM32\WSOCK32.dll
0x00007ffd498e0000 - 0x00007ffd498ea000 	C:\WINDOWS\SYSTEM32\VERSION.dll
0x00007ffd4cae0000 - 0x00007ffd4cb51000 	C:\WINDOWS\System32\WS2_32.dll
0x00007ffd49cf0000 - 0x00007ffd49d08000 	C:\WINDOWS\SYSTEM32\kernel.appcore.dll
0x00007ffd3ce50000 - 0x00007ffd3ce5a000 	C:\Users\Chris\.p2\pool\plugins\org.eclipse.justj.openjdk.hotspot.jre.full.win32.x86_64_17.0.7.v20230425-1502\jre\bin\jimage.dll
0x00007ffd38c40000 - 0x00007ffd38e73000 	C:\WINDOWS\SYSTEM32\DBGHELP.DLL
0x00007ffd4b810000 - 0x00007ffd4bb99000 	C:\WINDOWS\System32\combase.dll
0x00007ffd4c8b0000 - 0x00007ffd4c987000 	C:\WINDOWS\System32\OLEAUT32.dll
0x00007ffd3c380000 - 0x00007ffd3c3b2000 	C:\WINDOWS\SYSTEM32\dbgcore.DLL
0x00007ffd4b5c0000 - 0x00007ffd4b63a000 	C:\WINDOWS\System32\bcryptPrimitives.dll
0x00007ffd3c860000 - 0x00007ffd3c885000 	C:\Users\Chris\.p2\pool\plugins\org.eclipse.justj.openjdk.hotspot.jre.full.win32.x86_64_17.0.7.v20230425-1502\jre\bin\java.dll
0x00007ffd3c840000 - 0x00007ffd3c858000 	C:\Users\Chris\.p2\pool\plugins\org.eclipse.justj.openjdk.hotspot.jre.full.win32.x86_64_17.0.7.v20230425-1502\jre\bin\zip.dll
0x00007ffd4cb60000 - 0x00007ffd4d3b9000 	C:\WINDOWS\System32\SHELL32.dll
0x00007ffd488f0000 - 0x00007ffd491e4000 	C:\WINDOWS\SYSTEM32\windows.storage.dll
0x00007ffd487b0000 - 0x00007ffd488ee000 	C:\WINDOWS\SYSTEM32\wintypes.dll
0x00007ffd4b640000 - 0x00007ffd4b733000 	C:\WINDOWS\System32\SHCORE.dll
0x00007ffd4d7a0000 - 0x00007ffd4d7fe000 	C:\WINDOWS\System32\shlwapi.dll
0x00007ffd4ab90000 - 0x00007ffd4abb6000 	C:\WINDOWS\SYSTEM32\profapi.dll
0x00007ffd2fe60000 - 0x00007ffd2fe79000 	C:\Users\Chris\.p2\pool\plugins\org.eclipse.justj.openjdk.hotspot.jre.full.win32.x86_64_17.0.7.v20230425-1502\jre\bin\net.dll
0x00007ffd44d30000 - 0x00007ffd44e67000 	C:\WINDOWS\SYSTEM32\WINHTTP.dll
0x00007ffd4a1d0000 - 0x00007ffd4a239000 	C:\WINDOWS\system32\mswsock.dll
0x00007ffd2e5f0000 - 0x00007ffd2e605000 	C:\Users\Chris\.p2\pool\plugins\org.eclipse.justj.openjdk.hotspot.jre.full.win32.x86_64_17.0.7.v20230425-1502\jre\bin\nio.dll
0x00007ffd3ce40000 - 0x00007ffd3ce50000 	C:\Users\Chris\.p2\pool\plugins\org.eclipse.justj.openjdk.hotspot.jre.full.win32.x86_64_17.0.7.v20230425-1502\jre\bin\verify.dll
0x00007ffca2200000 - 0x00007ffca227b000 	C:\Users\Chris\AppData\Local\Temp\lwjgl_Chris\3.3.3+5\x64\lwjgl.dll
0x00007ffca1fa0000 - 0x00007ffca2022000 	C:\Users\Chris\AppData\Local\Temp\lwjgl_Chris\3.3.3+5\x64\lwjgl_stb.dll
0x00007ffc9db40000 - 0x00007ffc9db9e000 	C:\Users\Chris\AppData\Local\Temp\lwjgl_Chris\3.3.3+5\x64\lwjgl_opengl.dll
0x00007ffceaba0000 - 0x00007ffceaca0000 	C:\WINDOWS\SYSTEM32\opengl32.dll
0x00007ffcea860000 - 0x00007ffcea88d000 	C:\WINDOWS\SYSTEM32\GLU32.dll
0x00007ffd48120000 - 0x00007ffd48156000 	C:\WINDOWS\SYSTEM32\dxcore.dll

dbghelp: loaded successfully - version: 4.0.5 - missing functions: none
symbol engine: initialized successfully - sym options: 0x614 - pdb path: .;C:\Users\Chris\.p2\pool\plugins\org.eclipse.justj.openjdk.hotspot.jre.full.win32.x86_64_17.0.7.v20230425-1502\jre\bin;C:\WINDOWS\SYSTEM32;C:\WINDOWS\WinSxS\amd64_microsoft.windows.common-controls_6595b64144ccf1df_6.0.22621.2506_none_270c5ae97388e100;C:\Users\Chris\.p2\pool\plugins\org.eclipse.justj.openjdk.hotspot.jre.full.win32.x86_64_17.0.7.v20230425-1502\jre\bin\server;C:\Users\Chris\AppData\Local\Temp\lwjgl_Chris\3.3.3+5\x64

VM Arguments:
jvm_args: -Dfile.encoding=UTF-8 -XX:+ShowCodeDetailsInExceptionMessages 
java_command: com.polaris.main.Launcher
java_class_path (initial): C:\Users\Chris\Documents\GitHub\Polaris\PolarisEngine\bin;C:\Users\Chris\Documents\GitHub\Polaris\LWJGL 3 Jars\joml-1.10.5.jar;C:\Users\Chris\Documents\GitHub\Polaris\LWJGL 3 Jars\joml-1.10.5-javadoc.jar;C:\Users\Chris\Documents\GitHub\Polaris\LWJGL 3 Jars\joml-1.10.5-sources.jar;C:\Users\Chris\Documents\GitHub\Polaris\LWJGL 3 Jars\lwjgl.jar;C:\Users\Chris\Documents\GitHub\Polaris\LWJGL 3 Jars\lwjgl-assimp.jar;C:\Users\Chris\Documents\GitHub\Polaris\LWJGL 3 Jars\lwjgl-assimp-javadoc.jar;C:\Users\Chris\Documents\GitHub\Polaris\LWJGL 3 Jars\lwjgl-assimp-natives-windows.jar;C:\Users\Chris\Documents\GitHub\Polaris\LWJGL 3 Jars\lwjgl-assimp-sources.jar;C:\Users\Chris\Documents\GitHub\Polaris\LWJGL 3 Jars\lwjgl-bgfx.jar;C:\Users\Chris\Documents\GitHub\Polaris\LWJGL 3 Jars\lwjgl-bgfx-javadoc.jar;C:\Users\Chris\Documents\GitHub\Polaris\LWJGL 3 Jars\lwjgl-bgfx-natives-windows.jar;C:\Users\Chris\Documents\GitHub\Polaris\LWJGL 3 Jars\lwjgl-bgfx-sources.jar;C:\Users\Chris\Documents\GitHub\Polaris\LWJGL 3 Jars\lwjgl-glfw.jar;C:\Users\Chris\Documents\GitHub\Polaris\LWJGL 3 Jars\lwjgl-glfw-javadoc.jar;C:\Users\Chris\Documents\GitHub\Polaris\LWJGL 3 Jars\lwjgl-glfw-natives-windows.jar;C:\Users\Chris\Documents\GitHub\Polaris\LWJGL 3 Jars\lwjgl-glfw-sources.jar;C:\Users\Chris\Documents\GitHub\Polaris\LWJGL 3 Jars\lwjgl-javadoc.jar;C:\Users\Chris\Documents\GitHub\Polaris\LWJGL 3 Jars\lwjgl-nanovg.jar;C:\Users\Chris\Documents\GitHub\Polaris\LWJGL 3 Jars\lwjgl-nanovg-javadoc.jar;C:\Users\Chris\Documents\GitHub\Polaris\LWJGL 3 Jars\lwjgl-nanovg-natives-windows.jar;C:\Users\Chris\Documents\GitHub\Polaris\LWJGL 3 Jars\lwjgl-nanovg-sources.jar;C:\Users\Chris\Documents\GitHub\Polaris\LWJGL 3 Jars\lwjgl-natives-windows.jar;C:\Users\Chris\Documents\GitHub\Polaris\LWJGL 3 Jars\lwjgl-nfd.jar;C:\Users\Chris\Documents\GitHub\Polaris\LWJGL 3 Jars\lwjgl-nfd-javadoc.jar;C:\Users\Chris\Documents\GitHub\Polaris\LWJGL 3 Jars\lwjgl-nfd-natives-windows.jar;C:\Users\Chris\Docum
Launcher Type: SUN_STANDARD

[Global flags]
     intx CICompilerCount                          = 12                                        {product} {ergonomic}
     uint ConcGCThreads                            = 4                                         {product} {ergonomic}
     uint G1ConcRefinementThreads                  = 15                                        {product} {ergonomic}
   size_t G1HeapRegionSize                         = 4194304                                   {product} {ergonomic}
    uintx GCDrainStackTargetSize                   = 64                                        {product} {ergonomic}
   size_t InitialHeapSize                          = 536870912                                 {product} {ergonomic}
   size_t MarkStackSize                            = 4194304                                   {product} {ergonomic}
   size_t MaxHeapSize                              = 8535408640                                {product} {ergonomic}
   size_t MaxNewSize                               = 5121245184                                {product} {ergonomic}
   size_t MinHeapDeltaBytes                        = 4194304                                   {product} {ergonomic}
   size_t MinHeapSize                              = 8388608                                   {product} {ergonomic}
    uintx NonNMethodCodeHeapSize                   = 7602480                                {pd product} {ergonomic}
    uintx NonProfiledCodeHeapSize                  = 122027880                              {pd product} {ergonomic}
    uintx ProfiledCodeHeapSize                     = 122027880                              {pd product} {ergonomic}
    uintx ReservedCodeCacheSize                    = 251658240                              {pd product} {ergonomic}
     bool SegmentedCodeCache                       = true                                      {product} {ergonomic}
     bool ShowCodeDetailsInExceptionMessages       = true                                   {manageable} {command line}
   size_t SoftMaxHeapSize                          = 8535408640                             {manageable} {ergonomic}
     bool UseCompressedClassPointers               = true                           {product lp64_product} {ergonomic}
     bool UseCompressedOops                        = true                           {product lp64_product} {ergonomic}
     bool UseG1GC                                  = true                                      {product} {ergonomic}
     bool UseLargePagesIndividualAllocation        = false                                  {pd product} {ergonomic}

Logging:
Log output configuration:
 #0: stdout all=warning uptime,level,tags
 #1: stderr all=off uptime,level,tags

Environment Variables:
PATH=C:/Users/Chris/.p2/pool/plugins/org.eclipse.justj.openjdk.hotspot.jre.full.win32.x86_64_17.0.7.v20230425-1502/jre/bin/server;C:/Users/Chris/.p2/pool/plugins/org.eclipse.justj.openjdk.hotspot.jre.full.win32.x86_64_17.0.7.v20230425-1502/jre/bin;C:\Program Files (x86)\Common Files\Oracle\Java\javapath;C:\WINDOWS\system32;C:\WINDOWS;C:\WINDOWS\System32\Wbem;C:\WINDOWS\System32\WindowsPowerShell\v1.0\;C:\WINDOWS\System32\OpenSSH\;C:\Program Files\NVIDIA Corporation\NVIDIA NvDLISR;C:\Program Files (x86)\NVIDIA Corporation\PhysX\Common;C:\Program Files\dotnet\;C:\Program Files\Microsoft SQL Server\130\Tools\Binn\;C:\WINDOWS\system32;C:\WINDOWS;C:\WINDOWS\System32\Wbem;C:\WINDOWS\System32\WindowsPowerShell\v1.0\;C:\WINDOWS\System32\OpenSSH\;C:\Program Files\nodejs\;C:\Program Files (x86)\Windows Kits\10\Windows Performance Toolkit\;C:\Users\Chris\AppData\Local\Microsoft\WindowsApps;C:\Users\Chris\AppData\Local\GitHubDesktop\bin;C:\Users\Chris\.dotnet\tools;;C:\Users\Chris\AppData\Local\Programs\Microsoft VS Code\bin;C:\Users\Chris\AppData\Roaming\npm;C:\Users\Chris\eclipse\java-2023-06\eclipse;
USERNAME=Chris
OS=Windows_NT
PROCESSOR_IDENTIFIER=Intel64 Family 6 Model 151 Stepping 2, GenuineIntel
TMP=C:\Users\Chris\AppData\Local\Temp
TEMP=C:\Users\Chris\AppData\Local\Temp



---------------  S Y S T E M  ---------------

OS:
 Windows 11 , 64 bit Build 22621 (10.0.22621.2506)
OS uptime: 16 days 3:07 hours

CPU: total 20 (initial active 20) (10 cores per cpu, 2 threads per core) family 6 model 151 stepping 2 microcode 0x15, cx8, cmov, fxsr, ht, mmx, 3dnowpref, sse, sse2, sse3, ssse3, sse4.1, sse4.2, popcnt, lzcnt, tsc, tscinvbit, avx, avx2, aes, erms, clmul, bmi1, bmi2, adx, sha, fma, vzeroupper, clflush, clflushopt, clwb

Memory: 4k page, system-wide physical 32559M (16973M free)
TotalPageFile size 37423M (AvailPageFile size 10688M)
current process WorkingSet (physical memory assigned to process): 50M, peak: 50M
current process commit charge ("private bytes"): 627M, peak: 627M

vm_info: OpenJDK 64-Bit Server VM (17.0.7+7) for windows-amd64 JRE (17.0.7+7), built on Apr 18 2023 22:10:42 by "temurin" with MS VC++ 16.7 (VS2019)

END.
